TN:
SF:src/game.js
FN:1,Object.<anonymous>
FN:3,Game
FN:8,<instance_members_initializer>
FN:8,addPlayer
FN:17,getScore
FN:22,advancePlayer
FNF:6
FNH:6
FNDA:1,Object.<anonymous>
FNDA:6,Game
FNDA:6,<instance_members_initializer>
FNDA:8,addPlayer
FNDA:1,getScore
FNDA:1,advancePlayer
DA:1,1
DA:2,1
DA:3,1
DA:4,6
DA:5,6
DA:6,6
DA:7,1
DA:8,1
DA:9,8
DA:10,7
DA:11,7
DA:12,1
DA:13,1
DA:14,1
DA:15,8
DA:16,6
DA:17,6
DA:18,1
DA:19,1
DA:20,1
DA:21,1
DA:22,1
DA:23,1
DA:24,1
DA:25,1
DA:26,1
DA:27,1
DA:28,1
DA:29,1
DA:30,1
LF:30
LH:30
BRDA:1,0,0,1
BRDA:1,1,0,1
BRDA:3,2,0,6
BRDA:8,3,0,6
BRDA:8,4,0,8
BRDA:9,5,0,7
BRDA:12,6,0,1
BRDA:17,7,0,1
BRDA:22,8,0,1
BRF:9
BRH:9
end_of_record
TN:
SF:src/tennisPlayer.js
FN:1,Object.<anonymous>
FN:2,TennisPlayer
FN:12,getScore
FNF:3
FNH:2
FNDA:1,Object.<anonymous>
FNDA:2,TennisPlayer
FNDA:0,getScore
DA:1,1
DA:2,1
DA:3,2
DA:4,2
DA:5,0
DA:6,0
DA:7,2
DA:8,2
DA:9,2
DA:10,2
DA:11,1
DA:12,1
DA:13,0
DA:14,0
DA:15,0
DA:16,0
DA:17,1
LF:17
LH:11
BRDA:1,0,0,1
BRDA:1,1,0,1
BRDA:2,2,0,2
BRDA:4,3,0,0
BRF:4
BRH:3
end_of_record
